c:\users\jyxus\desktop\vs apps\ezplot\x64\release\vc143.pdb
c:\users\jyxus\desktop\vs apps\ezplot\x64\release\pyutils.obj
c:\users\jyxus\desktop\vs apps\ezplot\x64\release\pgeditors.obj
c:\users\jyxus\desktop\vs apps\ezplot\x64\release\mainframe.obj
c:\users\jyxus\desktop\vs apps\ezplot\x64\release\guiconsole.obj
c:\users\jyxus\desktop\vs apps\ezplot\x64\release\app.obj
c:\users\jyxus\desktop\vs apps\ezplot\x64\release\ezplot.ipdb
c:\users\jyxus\desktop\vs apps\ezplot\x64\release\ezplot.iobj
c:\users\jyxus\desktop\vs apps\ezplot\x64\release\python310.dll
c:\users\jyxus\desktop\vs apps\ezplot\x64\release\zlib1.dll
c:\users\jyxus\desktop\vs apps\ezplot\x64\release\ezplot.exe
c:\users\jyxus\desktop\vs apps\ezplot\x64\release\ezplot.pdb
c:\users\jyxus\desktop\vs apps\ezplot\x64\release\ezplot.res
c:\users\jyxus\desktop\vs apps\ezplot\x64\release\ezplot.tlog\cl.command.1.tlog
c:\users\jyxus\desktop\vs apps\ezplot\x64\release\ezplot.tlog\cl.read.1.tlog
c:\users\jyxus\desktop\vs apps\ezplot\x64\release\ezplot.tlog\cl.write.1.tlog
c:\users\jyxus\desktop\vs apps\ezplot\x64\release\ezplot.tlog\ezplot.write.1u.tlog
c:\users\jyxus\desktop\vs apps\ezplot\x64\release\ezplot.tlog\link.command.1.tlog
c:\users\jyxus\desktop\vs apps\ezplot\x64\release\ezplot.tlog\link.read.1.tlog
c:\users\jyxus\desktop\vs apps\ezplot\x64\release\ezplot.tlog\link.write.1.tlog
c:\users\jyxus\desktop\vs apps\ezplot\x64\release\ezplot.tlog\rc.command.1.tlog
c:\users\jyxus\desktop\vs apps\ezplot\x64\release\ezplot.tlog\rc.read.1.tlog
c:\users\jyxus\desktop\vs apps\ezplot\x64\release\ezplot.tlog\rc.write.1.tlog
